<?xml version="1.0" encoding="UTF-8"?>
<testng-results skipped="0" failed="0" total="1" passed="1">
  <reporter-output>
  </reporter-output>
  <suite name="Default suite" duration-ms="15" started-at="2021-12-11T05:14:06Z" finished-at="2021-12-11T05:14:06Z">
    <groups>
    </groups>
    <test name="Default test" duration-ms="15" started-at="2021-12-11T05:14:06Z" finished-at="2021-12-11T05:14:06Z">
      <class name="RegressionPracticewithData">
        <test-method status="PASS" signature="regressionPracticewithData()[pri:0, instance:RegressionPracticewithData@5f150435]" name="regressionPracticewithData" duration-ms="0" started-at="2021-12-11T10:44:06Z" finished-at="2021-12-11T10:44:06Z">
          <reporter-output>
          </reporter-output>
        </test-method> <!-- regressionPracticewithData -->
      </class> <!-- RegressionPracticewithData -->
    </test> <!-- Default test -->
  </suite> <!-- Default suite -->
</testng-results>
